<?xml version="1.0" encoding="UTF-8"?>
<!-- Generated by org.testng.reporters.JUnitXMLReporter -->
<testsuite ignored="0" hostname="ae-x.local" failures="0" tests="39" name="SeleniumAutomation" time="117.563" errors="0" timestamp="2024-04-15T20:27:26 PDT">
  <testcase classname="testcases.TC13" name="verifyButtonNavigation" time="1.527"/>
  <testcase classname="testcases.TC13" name="verifyProductAddedToCart" time="0.109"/>
  <testcase classname="testcases.TC13" name="verifyCustomerDetails" time="0.204"/>
  <testcase classname="testcases.TC13" name="verifyCustomerDetailsCanEdit" time="1.766"/>
  <testcase classname="testcases.TC13" name="verifyCheckoutNavigation" time="3.185"/>
  <testcase classname="testcases.TC13" name="verifyProductDetails" time="2.488"/>
  <testcase classname="testcases.TC13" name="verifyOrderDetailsCheckoutButton" time="0.001"/>
  <testcase classname="testcases.TC13" name="verifyPaymentsAvailable" time="0.294"/>
  <testcase classname="testcases.TC13" name="verifyPaymentSelectionAndNavigation" time="1.287"/>
  <testcase classname="testcases.TC13" name="verifyOrder" time="0.82"/>
  <testcase classname="testcases.TC13" name="verifyCardEntryAndPay" time="8.295"/>
  <testcase classname="testcases.TC13" name="verifyTransactionDetailsPage" time="0.414"/>
  <testcase classname="testcases.TC13" name="verifyValidOTP" time="11.047"/>
  <testcase classname="testcases.TC14" name="verifyButtonNavigation" time="1.369"/>
  <testcase classname="testcases.TC14" name="verifyProductAddedToCart" time="0.093"/>
  <testcase classname="testcases.TC14" name="verifyCustomerDetails" time="0.186"/>
  <testcase classname="testcases.TC14" name="verifyCustomerDetailsCanEdit" time="1.653"/>
  <testcase classname="testcases.TC14" name="verifyCheckoutNavigation" time="3.143"/>
  <testcase classname="testcases.TC14" name="verifyProductDetails" time="2.859"/>
  <testcase classname="testcases.TC14" name="verifyOrderDetailsCheckoutButton" time="0.001"/>
  <testcase classname="testcases.TC14" name="verifyPaymentsAvailable" time="0.613"/>
  <testcase classname="testcases.TC14" name="verifyPaymentSelectionAndNavigation" time="1.395"/>
  <testcase classname="testcases.TC14" name="verifyOrder" time="0.781"/>
  <testcase classname="testcases.TC14" name="verifyCardEntryAndPay" time="8.37"/>
  <testcase classname="testcases.TC14" name="verifyTransactionDetailsPage" time="0.344"/>
  <testcase classname="testcases.TC14" name="verifyInvalidOTP" time="10.313"/>
  <testcase classname="testcases.TC15" name="verifyButtonNavigation" time="1.282"/>
  <testcase classname="testcases.TC15" name="verifyProductAddedToCart" time="0.095"/>
  <testcase classname="testcases.TC15" name="verifyCustomerDetails" time="0.227"/>
  <testcase classname="testcases.TC15" name="verifyCustomerDetailsCanEdit" time="1.803"/>
  <testcase classname="testcases.TC15" name="verifyCheckoutNavigation" time="3.161"/>
  <testcase classname="testcases.TC15" name="verifyProductDetails" time="2.501"/>
  <testcase classname="testcases.TC15" name="verifyOrderDetailsCheckoutButton" time="0.0"/>
  <testcase classname="testcases.TC15" name="verifyPaymentsAvailable" time="0.259"/>
  <testcase classname="testcases.TC15" name="verifyPaymentSelectionAndNavigation" time="1.263"/>
  <testcase classname="testcases.TC15" name="verifyOrder" time="0.808"/>
  <testcase classname="testcases.TC15" name="verifyCardEntryAndPay" time="8.25"/>
  <testcase classname="testcases.TC15" name="verifyTransactionDetailsPage" time="0.294"/>
  <testcase classname="testcases.TC15" name="verifyCancelOrder" time="10.005"/>
</testsuite> <!-- SeleniumAutomation -->
