<?xml version="1.0" encoding="UTF-8"?>
<testsuite xmlns:xsi="http://www.w3.org/2001/XMLSchema-instance" xsi:noNamespaceSchemaLocation="https://maven.apache.org/surefire/maven-surefire-plugin/xsd/surefire-test-report-3.0.xsd" version="3.0" name="TestSuite" time="123.543" tests="39" errors="0" skipped="0" failures="0">
  <properties>
[...]
</properties>
  <testcase name="verifyButtonNavigation" classname="testcases.TC13" time="1.526">
    <system-out><![CDATA[* URL:  https://demo.midtrans.com/
* TC_1 Button 'BuyNow' redirects to Shopping Cart page.
]]></system-out>
    <system-err><![CDATA[SLF4J: Failed to load class "org.slf4j.impl.StaticLoggerBinder".
SLF4J: Defaulting to no-operation (NOP) logger implementation
SLF4J: See http://www.slf4j.org/codes.html#StaticLoggerBinder for further details.
]]></system-err>
  </testcase>
  <testcase name="verifyProductAddedToCart" classname="testcases.TC13" time="0.111">
    <system-out><![CDATA[* TC_2 Button 'Midtrans Pillow' is added to Cart @ Rp 20,000.
]]></system-out>
  </testcase>
  <testcase name="verifyCustomerDetails" classname="testcases.TC13" time="0.203">
    <system-out><![CDATA[* TC_3 Customer Details are displayed on Shopping Cart.
]]></system-out>
  </testcase>
  <testcase name="verifyCustomerDetailsCanEdit" classname="testcases.TC13" time="1.767">
    <system-out><![CDATA[* TC_4 Customer Details are editable and user can enter details.
]]></system-out>
  </testcase>
  <testcase name="verifyCheckoutNavigation" classname="testcases.TC13" time="3.181">
    <system-out><![CDATA[* TC_5 Button 'Checkout' navigates to Order Details page.
]]></system-out>
  </testcase>
  <testcase name="verifyProductDetails" classname="testcases.TC13" time="2.486">
    <system-out><![CDATA[* TC_6 Product details confirmed. Order ID #sample-store-1713237938
]]></system-out>
  </testcase>
  <testcase name="verifyOrderDetailsCheckoutButton" classname="testcases.TC13" time="0.001">
    <system-out><![CDATA[* TC_7 No additional 'Checkout' button. Payments already listed.
]]></system-out>
  </testcase>
  <testcase name="verifyPaymentsAvailable" classname="testcases.TC13" time="0.294">
    <system-out><![CDATA[* TC_8 All payments listed: GoPay, Virtual Account, Credit/Debit, ShopeePay, QRIS, Alfa Group, Indomaret, Akulaku, Kredivo
]]></system-out>
  </testcase>
  <testcase name="verifyPaymentSelectionAndNavigation" classname="testcases.TC13" time="1.288">
    <system-out><![CDATA[* TC_9 Payment Credit/Debit selected. Navigation to Card Details page successful.
]]></system-out>
  </testcase>
  <testcase name="verifyOrder" classname="testcases.TC13" time="0.82">
    <system-out><![CDATA[* TC_10 Order total before Promo: Rp20.000
        Promo amount: -Rp1.000
        Order total after Promo: Rp19.000
]]></system-out>
  </testcase>
  <testcase name="verifyCardEntryAndPay" classname="testcases.TC13" time="8.292">
    <system-out><![CDATA[* TC_11 Credit/Debit card entry confirmed. 'Pay Now' button clicked
]]></system-out>
  </testcase>
  <testcase name="verifyTransactionDetailsPage" classname="testcases.TC13" time="0.413">
    <system-out><![CDATA[* TC_12 Clicking 'Pay Now' redirects user to Transaction Details page.
        Merchant Details Confirmed.
        Merchant Name: Rubicon Store
        Transaction Amount: 19000.00
        Transaction Time: 4/15/2024 8:25:54 PM
        Card Number: 48111111-1114
]]></system-out>
  </testcase>
  <testcase name="verifyValidOTP" classname="testcases.TC13" time="11.047">
    <system-out><![CDATA[* TC_13 Clicking 'Ok' button with VALID OTP returns - Order Successful.
        Message: Order Successful
        Returned Home - Thank you for your purchase. Get a nice sleep.

]]></system-out>
  </testcase>
  <testcase name="verifyButtonNavigation" classname="testcases.TC14" time="1.37">
    <system-out><![CDATA[* URL:  https://demo.midtrans.com/
* TC_1 Button 'BuyNow' redirects to Shopping Cart page.
]]></system-out>
  </testcase>
  <testcase name="verifyProductAddedToCart" classname="testcases.TC14" time="0.095">
    <system-out><![CDATA[* TC_2 Button 'Midtrans Pillow' is added to Cart @ Rp 20,000.
]]></system-out>
  </testcase>
  <testcase name="verifyCustomerDetails" classname="testcases.TC14" time="0.186">
    <system-out><![CDATA[* TC_3 Customer Details are displayed on Shopping Cart.
]]></system-out>
  </testcase>
  <testcase name="verifyCustomerDetailsCanEdit" classname="testcases.TC14" time="1.656">
    <system-out><![CDATA[* TC_4 Customer Details are editable and user can enter details.
]]></system-out>
  </testcase>
  <testcase name="verifyCheckoutNavigation" classname="testcases.TC14" time="3.138">
    <system-out><![CDATA[* TC_5 Button 'Checkout' navigates to Order Details page.
]]></system-out>
  </testcase>
  <testcase name="verifyProductDetails" classname="testcases.TC14" time="2.889">
    <system-out><![CDATA[* TC_6 Product details confirmed. Order ID #sample-store-1713237976
]]></system-out>
  </testcase>
  <testcase name="verifyOrderDetailsCheckoutButton" classname="testcases.TC14" time="0.003">
    <system-out><![CDATA[* TC_7 No additional 'Checkout' button. Payments already listed.
]]></system-out>
  </testcase>
  <testcase name="verifyPaymentsAvailable" classname="testcases.TC14" time="0.594">
    <system-out><![CDATA[* TC_8 All payments listed: GoPay, Virtual Account, Credit/Debit, ShopeePay, QRIS, Alfa Group, Indomaret, Akulaku, Kredivo
]]></system-out>
  </testcase>
  <testcase name="verifyPaymentSelectionAndNavigation" classname="testcases.TC14" time="1.396">
    <system-out><![CDATA[* TC_9 Payment Credit/Debit selected. Navigation to Card Details page successful.
]]></system-out>
  </testcase>
  <testcase name="verifyOrder" classname="testcases.TC14" time="0.783">
    <system-out><![CDATA[* TC_10 Order total before Promo: Rp20.000
        Promo amount: -Rp1.000
        Order total after Promo: Rp19.000
]]></system-out>
  </testcase>
  <testcase name="verifyCardEntryAndPay" classname="testcases.TC14" time="8.365">
    <system-out><![CDATA[* TC_11 Credit/Debit card entry confirmed. 'Pay Now' button clicked
]]></system-out>
  </testcase>
  <testcase name="verifyTransactionDetailsPage" classname="testcases.TC14" time="0.335">
    <system-out><![CDATA[* TC_12 Clicking 'Pay Now' redirects user to Transaction Details page.
        Merchant Details Confirmed.
        Merchant Name: Rubicon Store
        Transaction Amount: 19000.00
        Transaction Time: 4/15/2024 8:26:31 PM
        Card Number: 48111111-1114
]]></system-out>
  </testcase>
  <testcase name="verifyInvalidOTP" classname="testcases.TC14" time="10.314">
    <system-out><![CDATA[* TC_14 Clicking 'Ok' button with INVALID OTP returns - Order Failed.
        Message: Payment declined by bank
        Returned Home - Sorry, something went wrong.

]]></system-out>
  </testcase>
  <testcase name="verifyButtonNavigation" classname="testcases.TC15" time="1.283">
    <system-out><![CDATA[* URL:  https://demo.midtrans.com/
* TC_1 Button 'BuyNow' redirects to Shopping Cart page.
]]></system-out>
  </testcase>
  <testcase name="verifyProductAddedToCart" classname="testcases.TC15" time="0.097">
    <system-out><![CDATA[* TC_2 Button 'Midtrans Pillow' is added to Cart @ Rp 20,000.
]]></system-out>
  </testcase>
  <testcase name="verifyCustomerDetails" classname="testcases.TC15" time="0.221">
    <system-out><![CDATA[* TC_3 Customer Details are displayed on Shopping Cart.
]]></system-out>
  </testcase>
  <testcase name="verifyCustomerDetailsCanEdit" classname="testcases.TC15" time="1.801">
    <system-out><![CDATA[* TC_4 Customer Details are editable and user can enter details.
]]></system-out>
  </testcase>
  <testcase name="verifyCheckoutNavigation" classname="testcases.TC15" time="3.159">
    <system-out><![CDATA[* TC_5 Button 'Checkout' navigates to Order Details page.
]]></system-out>
  </testcase>
  <testcase name="verifyProductDetails" classname="testcases.TC15" time="2.504">
    <system-out><![CDATA[* TC_6 Product details confirmed. Order ID #sample-store-1713238015
]]></system-out>
  </testcase>
  <testcase name="verifyOrderDetailsCheckoutButton" classname="testcases.TC15" time="0.001">
    <system-out><![CDATA[* TC_7 No additional 'Checkout' button. Payments already listed.
]]></system-out>
  </testcase>
  <testcase name="verifyPaymentsAvailable" classname="testcases.TC15" time="0.259">
    <system-out><![CDATA[* TC_8 All payments listed: GoPay, Virtual Account, Credit/Debit, ShopeePay, QRIS, Alfa Group, Indomaret, Akulaku, Kredivo
]]></system-out>
  </testcase>
  <testcase name="verifyPaymentSelectionAndNavigation" classname="testcases.TC15" time="1.262">
    <system-out><![CDATA[* TC_9 Payment Credit/Debit selected. Navigation to Card Details page successful.
]]></system-out>
  </testcase>
  <testcase name="verifyOrder" classname="testcases.TC15" time="0.803">
    <system-out><![CDATA[* TC_10 Order total before Promo: Rp20.000
        Promo amount: -Rp1.000
        Order total after Promo: Rp19.000
]]></system-out>
  </testcase>
  <testcase name="verifyCardEntryAndPay" classname="testcases.TC15" time="8.242">
    <system-out><![CDATA[* TC_11 Credit/Debit card entry confirmed. 'Pay Now' button clicked
]]></system-out>
  </testcase>
  <testcase name="verifyTransactionDetailsPage" classname="testcases.TC15" time="0.286">
    <system-out><![CDATA[* TC_12 Clicking 'Pay Now' redirects user to Transaction Details page.
        Merchant Details Confirmed.
        Merchant Name: Rubicon Store
        Transaction Amount: 19000.00
        Transaction Time: 4/15/2024 8:27:10 PM
        Card Number: 48111111-1114
]]></system-out>
  </testcase>
  <testcase name="verifyCancelOrder" classname="testcases.TC15" time="10.005">
    <system-out><![CDATA[* TC_15 Clicking 'Cancel' button returns - Order Failed.
        Message: Payment declined by bank
        Returned Home - Sorry, something went wrong.

]]></system-out>
  </testcase>
</testsuite>